=============================
Email: elya@informatics.by
Subject: Test
Message:test
=============================
Email: elya@informatics.by
Subject: Test2
Message:test2
=============================
Email: test3@tut.by
Subject: Test3
Message:Test3
=============================
Email: test4@tut.by
Subject: Test4
Message:test4
=============================
Email: elya@informatics.by
Subject: Test5
Message:test5
=============================
Email: elya@informatics.by
Subject: Test2
Message:trg
=============================
Email: mila@tut.by
Subject: Ot_mily
Message:mila mila
=============================
Email: test@tut.by
Subject: Test
Message:test
=============================
Email: etyr@tut.by
Subject: cv
Message:vbfd
=============================
Email: rut@tut.by
Subject: Rut
Message:Rut
